[21:54:15] [ServerMain/INFO]: Building unoptimized datafixer
[21:54:19] [ServerMain/INFO]: Environment: authHost='https://authserver.mojang.com', accountsHost='https://api.mojang.com', sessionHost='https://sessionserver.mojang.com', servicesHost='https://api.minecraftservices.com', name='PROD'
[21:54:25] [ServerMain/INFO]: Loaded 7 recipes
[21:54:30] [Server thread/INFO]: Starting minecraft server version 1.19.2
[21:54:30] [Server thread/INFO]: Loading properties
[21:54:31] [Server thread/INFO]: This server is running Purpur version git-Purpur-1770 (MC: 1.19.2) (Implementing API version 1.19.2-R0.1-SNAPSHOT) (Git: ef2160f on HEAD)
[21:54:31] [Server thread/INFO]: Server Ping Player Sample Count: 12
[21:54:31] [Server thread/INFO]: Using 4 threads for Netty based IO
[21:54:33] [Server thread/INFO]: [Pufferfish] Max SIMD vector size on this system is 256 bits (int)
[21:54:33] [Server thread/INFO]: [Pufferfish] Max SIMD vector size on this system is 256 bits (float)
[21:54:33] [Server thread/INFO]: [Pufferfish] SIMD operations detected as functional. Will replace some operations with faster versions.
[21:54:33] [Server thread/INFO]: Default game type: SURVIVAL
[21:54:33] [Server thread/INFO]: Generating keypair
[21:54:33] [Server thread/INFO]: Starting Minecraft server on *:25565
[21:54:34] [Server thread/INFO]: Using epoll channel type
[21:54:34] [Server thread/INFO]: Paper: Using libdeflate (Linux x86_64) compression from Velocity.
[21:54:34] [Server thread/INFO]: Paper: Using Java cipher from Velocity.
[21:54:36] [Server thread/INFO]: [spark] Loading spark v1.9.33
[21:54:36] [Server thread/INFO]: Server permissions file permissions.yml is empty, ignoring it
[21:54:36] [Server thread/INFO]: Preparing level "world"
[21:54:37] [Server thread/ERROR]: Invalid condition for `tools.hoe.tillables.minecraft:dirt.condition`: air_above
[21:54:37] [Server thread/ERROR]: Invalid condition for `tools.hoe.tillables.minecraft:grass_block.condition`: air_above
[21:54:37] [Server thread/ERROR]: Invalid condition for `tools.hoe.tillables.minecraft:coarse_dirt.condition`: air_above
[21:54:37] [Server thread/ERROR]: Invalid condition for `tools.hoe.tillables.minecraft:dirt_path.condition`: air_above
[21:54:39] [Server thread/ERROR]: Invalid condition for `tools.hoe.tillables.minecraft:dirt.condition`: air_above
[21:54:39] [Server thread/ERROR]: Invalid condition for `tools.hoe.tillables.minecraft:grass_block.condition`: air_above
[21:54:39] [Server thread/ERROR]: Invalid condition for `tools.hoe.tillables.minecraft:coarse_dirt.condition`: air_above
[21:54:39] [Server thread/ERROR]: Invalid condition for `tools.hoe.tillables.minecraft:dirt_path.condition`: air_above
[21:55:08] [Server thread/ERROR]: Invalid condition for `tools.hoe.tillables.minecraft:dirt.condition`: air_above
[21:55:08] [Server thread/ERROR]: Invalid condition for `tools.hoe.tillables.minecraft:grass_block.condition`: air_above
[21:55:08] [Server thread/ERROR]: Invalid condition for `tools.hoe.tillables.minecraft:coarse_dirt.condition`: air_above
[21:55:08] [Server thread/ERROR]: Invalid condition for `tools.hoe.tillables.minecraft:dirt_path.condition`: air_above
[21:55:08] [Server thread/INFO]: Preparing start region for dimension minecraft:overworld
[21:55:10] [Server thread/INFO]: Preparing spawn area: 0%
[21:55:10] [Server thread/INFO]: Preparing spawn area: 0%
[21:55:10] [Server thread/INFO]: Preparing spawn area: 0%
[21:55:10] [Server thread/INFO]: Preparing spawn area: 0%
[21:55:10] [Server thread/INFO]: Preparing spawn area: 0%
[21:55:10] [Server thread/INFO]: Time elapsed: 2068 ms
[21:55:10] [Server thread/INFO]: Preparing start region for dimension minecraft:the_nether
[21:55:11] [Server thread/INFO]: Time elapsed: 1207 ms
[21:55:11] [Server thread/INFO]: Preparing start region for dimension minecraft:the_end
[21:55:12] [Server thread/INFO]: Time elapsed: 693 ms
[21:55:12] [Server thread/INFO]: [spark] Enabling spark v1.9.33
[21:55:13] [Server thread/INFO]: [spark] Using Paper ServerTickStartEvent for tick monitoring
[21:55:14] [Server thread/INFO]: Running delayed init tasks
[21:55:14] [Server thread/INFO]: Done (43.629s)! For help, type "help"
[21:55:28] [Server thread/WARN]: Can't keep up! Is the server overloaded? Running 5102ms or 102 ticks behind
[21:55:30] [User Authenticator #1/INFO]: UUID of player Ket_0x04 is 139e894c-2e11-4e03-a375-b92420ae8127
[21:55:30] [Server thread/INFO]: Disconnecting com.mojang.authlib.GameProfile@35b8e295[id=139e894c-2e11-4e03-a375-b92420ae8127,name=Ket_0x04,properties={textures=[com.mojang.authlib.properties.Property@667ea5f7]},legacy=false] (/127.0.0.1:59702): Missing profile public key.
This server requires secure profiles.
[21:55:30] [Server thread/INFO]: Disconnecting com.mojang.authlib.GameProfile@35b8e295[id=139e894c-2e11-4e03-a375-b92420ae8127,name=Ket_0x04,properties={textures=[com.mojang.authlib.properties.Property@667ea5f7]},legacy=false] (/127.0.0.1:59702): Missing profile public key.
This server requires secure profiles.
[21:55:30] [Server thread/INFO]: com.mojang.authlib.GameProfile@35b8e295[id=139e894c-2e11-4e03-a375-b92420ae8127,name=Ket_0x04,properties={textures=[com.mojang.authlib.properties.Property@667ea5f7]},legacy=false] (/127.0.0.1:59702) lost connection: Missing profile public key.
This server requires secure profiles.
[21:55:56] [User Authenticator #1/INFO]: UUID of player Ket_0x04 is 139e894c-2e11-4e03-a375-b92420ae8127
[21:55:57] [Server thread/INFO]: Ket_0x04 joined the game
[21:55:57] [Server thread/INFO]: Ket_0x04[/127.0.0.1:49312] logged in with entity id 105 at ([world]-1.5, 72.0, -0.5)
[21:56:03] [Server thread/WARN]: Can't keep up! Is the server overloaded? Running 5083ms or 101 ticks behind
[21:56:40] [Server thread/WARN]: Can't keep up! Is the server overloaded? Running 6809ms or 136 ticks behind
[21:57:32] [Server thread/INFO]: Ket_0x04 lost connection: Disconnected
[21:57:32] [Server thread/INFO]: Ket_0x04 left the game
[21:57:37] [Server thread/INFO]: Stopping the server
[21:57:37] [Server thread/INFO]: Stopping server
[21:57:37] [Server thread/INFO]: [spark] Disabling spark v1.9.33
[21:57:37] [Server thread/INFO]: Saving players
[21:57:37] [Server thread/INFO]: Saving worlds
[21:58:29] [Server thread/INFO]: Saving chunks for level 'ServerLevel[world]'/minecraft:overworld
[21:58:33] [Server thread/INFO]: Saving chunks for level 'ServerLevel[world_nether]'/minecraft:the_nether
[21:58:33] [Server thread/INFO]: Saving chunks for level 'ServerLevel[world_the_end]'/minecraft:the_end
[21:58:33] [Server thread/INFO]: ThreadedAnvilChunkStorage (world): All chunks are saved
[21:58:33] [Server thread/INFO]: ThreadedAnvilChunkStorage (DIM-1): All chunks are saved
[21:58:33] [Server thread/INFO]: ThreadedAnvilChunkStorage (DIM1): All chunks are saved
[21:58:33] [Server thread/INFO]: ThreadedAnvilChunkStorage: All dimensions are saved
[21:58:33] [Server thread/INFO]: Flushing Chunk IO
[21:58:33] [Server thread/INFO]: Closing Thread Pool
[21:58:33] [Server thread/INFO]: Closing Server
